<?xml version="1.0" encoding="UTF-8"?>
<!-- Generated by org.testng.reporters.JUnitReportReporter -->
<testsuite hostname="admin-PC" failures="0" tests="2" name="Test1" time="0.019" errors="0" timestamp="2021-12-27T19:35:58 IST" skipped="0">
  <testcase classname="Test1" name="test2" time="0.003"/>
  <system-out/>
  <testcase classname="Test1" name="test12" time="0.016"/>
  <system-out/>
</testsuite> <!-- Test1 -->
