<?xml version="1.0" encoding="UTF-8"?>
<!-- Generated by org.testng.reporters.JUnitReportReporter -->
<testsuite hostname="admin-PC" failures="0" tests="2" name="testngpackage.Test4" time="0.030" errors="0" timestamp="2022-07-12T10:55:13 IST" skipped="0">
  <testcase classname="testngpackage.Test4" name="suitee" time="0.026"/>
  <system-out/>
  <testcase classname="testngpackage.Test4" name="abc" time="0.004"/>
  <system-out/>
</testsuite> <!-- testngpackage.Test4 -->
