<?xml version="1.0" encoding="UTF-8"?>
<!-- Generated by org.testng.reporters.JUnitReportReporter -->
<testsuite hostname="admin-PC" failures="0" tests="2" name="testngpackage.Test2" time="0.024" errors="0" timestamp="2022-11-09T08:57:50 IST" skipped="0">
  <testcase classname="testngpackage.Test2" name="test5" time="0.004"/>
  <system-out/>
  <testcase classname="testngpackage.Test2" name="test4" time="0.020"/>
  <system-out/>
</testsuite> <!-- testngpackage.Test2 -->
