<?xml version="1.0" encoding="UTF-8"?>
<!-- Generated by org.testng.reporters.JUnitReportReporter -->
<testsuite hostname="admin-PC" failures="0" tests="2" name="testngpackage.Test3" time="0.018" errors="0" timestamp="2022-07-12T10:24:18 IST" skipped="0">
  <testcase classname="testngpackage.Test3" name="sample2" time="0.014"/>
  <system-out/>
  <testcase classname="testngpackage.Test3" name="test4" time="0.004"/>
  <system-out/>
</testsuite> <!-- testngpackage.Test3 -->
