<?xml version="1.0" encoding="UTF-8"?>
<!-- Generated by org.testng.reporters.JUnitReportReporter -->
<testsuite hostname="admin-PC" failures="0" tests="3" name="testngpackage.Test1" time="0.038" errors="0" timestamp="2022-07-08T19:47:35 IST" skipped="0">
  <testcase classname="testngpackage.Test1" name="test2" time="0.031"/>
  <system-out>
    <![CDATA[We used Google Chrome Ver 86 for this test]]>
  </system-out>
  <testcase classname="testngpackage.Test1" name="test3" time="0.003"/>
  <system-out>
    <![CDATA[We used Google Chrome Ver 8 for this test]]>
  </system-out>
  <testcase classname="testngpackage.Test1" name="test4" time="0.004"/>
  <system-out>
    <![CDATA[We used Google Chrome Ver 8 for this test]]>
  </system-out>
</testsuite> <!-- testngpackage.Test1 -->
